0 info it worked if it ends with ok
1 verbose cli [ '/usr/local/Cellar/node/6.3.1/bin/node',
1 verbose cli   '/usr/local/bin/npm',
1 verbose cli   'run',
1 verbose cli   'client' ]
2 info using npm@3.10.3
3 info using node@v6.3.1
4 verbose run-script [ 'preclient', 'client', 'postclient' ]
5 info lifecycle justsearch-with-database@1.0.0~preclient: justsearch-with-database@1.0.0
6 silly lifecycle justsearch-with-database@1.0.0~preclient: no script for preclient, continuing
7 info lifecycle justsearch-with-database@1.0.0~client: justsearch-with-database@1.0.0
8 verbose lifecycle justsearch-with-database@1.0.0~client: unsafe-perm in lifecycle true
9 verbose lifecycle justsearch-with-database@1.0.0~client: PATH: /usr/local/lib/node_modules/npm/bin/node-gyp-bin:/Users/MacBiers/Desktop/justsearch-with-database/node_modules/.bin:/usr/local/Cellar/node/6.3.1/bin:/usr/local/lib/node_modules/npm/bin/node-gyp-bin:/Users/MacBiers/Desktop/justsearch-with-database/node_modules/.bin:/usr/local/Cellar/node/6.3.1/bin:/Users/MacBiers/.rvm/gems/ruby-2.2.2/bin:/Users/MacBiers/.rvm/gems/ruby-2.2.2@global/bin:/Users/MacBiers/.rvm/rubies/ruby-2.2.2/bin:/Applications/Postgres.app/Contents/Versions/9.4/bin:/usr/local:/usr/local/bin:/usr/local/sbin:/usr/bin:/Users/MacBiers/.nvm/versions/node/v5.10.1/bin:/usr/local/bin:/usr/bin:/bin:/usr/sbin:/sbin:~/.composer/vendor/bin:/Users/MacBiers/.rvm/bin
10 verbose lifecycle justsearch-with-database@1.0.0~client: CWD: /Users/MacBiers/Desktop/justsearch-with-database
11 silly lifecycle justsearch-with-database@1.0.0~client: Args: [ '-c', 'babel-node start-client.js' ]
12 silly lifecycle justsearch-with-database@1.0.0~client: Returned: code: 1  signal: null
13 info lifecycle justsearch-with-database@1.0.0~client: Failed to exec client script
14 verbose stack Error: justsearch-with-database@1.0.0 client: `babel-node start-client.js`
14 verbose stack Exit status 1
14 verbose stack     at EventEmitter.<anonymous> (/usr/local/lib/node_modules/npm/lib/utils/lifecycle.js:242:16)
14 verbose stack     at emitTwo (events.js:106:13)
14 verbose stack     at EventEmitter.emit (events.js:191:7)
14 verbose stack     at ChildProcess.<anonymous> (/usr/local/lib/node_modules/npm/lib/utils/spawn.js:40:14)
14 verbose stack     at emitTwo (events.js:106:13)
14 verbose stack     at ChildProcess.emit (events.js:191:7)
14 verbose stack     at maybeClose (internal/child_process.js:852:16)
14 verbose stack     at Process.ChildProcess._handle.onexit (internal/child_process.js:215:5)
15 verbose pkgid justsearch-with-database@1.0.0
16 verbose cwd /Users/MacBiers/Desktop/justsearch-with-database
17 error Darwin 16.3.0
18 error argv "/usr/local/Cellar/node/6.3.1/bin/node" "/usr/local/bin/npm" "run" "client"
19 error node v6.3.1
20 error npm  v3.10.3
21 error code ELIFECYCLE
22 error justsearch-with-database@1.0.0 client: `babel-node start-client.js`
22 error Exit status 1
23 error Failed at the justsearch-with-database@1.0.0 client script 'babel-node start-client.js'.
23 error Make sure you have the latest version of node.js and npm installed.
23 error If you do, this is most likely a problem with the justsearch-with-database package,
23 error not with npm itself.
23 error Tell the author that this fails on your system:
23 error     babel-node start-client.js
23 error You can get information on how to open an issue for this project with:
23 error     npm bugs justsearch-with-database
23 error Or if that isn't available, you can get their info via:
23 error     npm owner ls justsearch-with-database
23 error There is likely additional logging output above.
24 verbose exit [ 1, true ]
